<?xml version="1.0" encoding="UTF-8"?>
<testsuite xmlns:xsi="http://www.w3.org/2001/XMLSchema-instance" xsi:noNamespaceSchemaLocation="https://maven.apache.org/surefire/maven-surefire-plugin/xsd/surefire-test-report-3.0.xsd" version="3.0" name="CreateCourierTest" time="3.759" tests="5" errors="0" skipped="0" failures="0">
  <properties>
[...]
</properties>
  <testcase name="createCourierEmptyPasswordTest" classname="CreateCourierTest" time="1.798">
    <system-out><![CDATA[Request method:	POST
Request URI:	http://qa-scooter.praktikum-services.ru/api/v1/courier
Proxy:			<none>
Request params:	<none>
Query params:	<none>
Form params:	<none>
Path params:	<none>
Headers:		Accept=*/*
				Content-Type=application/json
Cookies:		<none>
Multiparts:		<none>
Body:
{
    "login": "test_login_1745174778892",
    "password": "",
    "firstName": "Stepan"
}
HTTP/1.1 400 Bad Request
Set-Cookie: _yasc=hPG4b0RJa7/4nqpVINbHeJ9Bg0L6El3pgTcpfHmgG7awhSk0FMYAMQDfi3192fyz; domain=.praktikum-services.ru; path=/; expires=Wed, 18 Apr 2035 18:46:17 GMT; secure
Content-Type: application/json; charset=utf-8
ETag: W/"72-AUDx41VLe1HSztSRMybiiyHwcKY"
Content-Length: 114
X-Powered-By: Express
Date: Sun, 20 Apr 2025 18:46:17 GMT
X-Request-Id: 1745174777523545-5840566092361209745
Access-Control-Allow-Origin: *

{
    "code": 400,
    "message": "Недостаточно данных для создания учетной записи"
}
Request method:	POST
Request URI:	http://qa-scooter.praktikum-services.ru/api/v1/courier/login
Proxy:			<none>
Request params:	<none>
Query params:	<none>
Form params:	<none>
Path params:	<none>
Headers:		Accept=*/*
				Content-Type=application/json
Cookies:		<none>
Multiparts:		<none>
Body:
{
    "login": "test_login_1745174778892",
    "password": ""
}
HTTP/1.1 400 Bad Request
ETag: W/"50-LwGSJxcCDIE8JNxAo8HI82cPc8A"
Content-Length: 80
Set-Cookie: _yasc=EMkAhr9GtbX6kx49RFT0Z5Uu8VBdOfRvBUYh7Kh1yfUyXCYejsRrdg/sx/A3ci5y1Q==; domain=.praktikum-services.ru; path=/; expires=Wed, 18 Apr 2035 18:46:18 GMT; secure
X-Request-Id: 1745174778175454-3471177132667553311
Date: Sun, 20 Apr 2025 18:46:18 GMT
Access-Control-Allow-Origin: *
X-Powered-By: Express
Content-Type: application/json; charset=utf-8

{
    "code": 400,
    "message": "Недостаточно данных для входа"
}
]]></system-out>
  </testcase>
  <testcase name="createCourierDuplicateLoginTest" classname="CreateCourierTest" time="0.681">
    <system-out><![CDATA[Request method:	POST
Request URI:	http://qa-scooter.praktikum-services.ru/api/v1/courier
Proxy:			<none>
Request params:	<none>
Query params:	<none>
Form params:	<none>
Path params:	<none>
Headers:		Accept=*/*
				Content-Type=application/json
Cookies:		<none>
Multiparts:		<none>
Body:
{
    "login": "duplicate_login13",
    "password": "1234",
    "firstName": "Stepan"
}
HTTP/1.1 201 Created
ETag: W/"b-Ai2R8hgEarLmHKwesT1qcY913ys"
X-Request-Id: 1745174778252240-881100469966924863
Content-Type: application/json; charset=utf-8
Access-Control-Allow-Origin: *
X-Powered-By: Express
Date: Sun, 20 Apr 2025 18:46:18 GMT
Set-Cookie: _yasc=ppVju8KbyU8wFqvG90xNbE95lp+yC72Rq/OXukmg1LN72aW+l3Tu9liXbhl979cg; domain=.praktikum-services.ru; path=/; expires=Wed, 18 Apr 2035 18:46:18 GMT; secure
Content-Length: 11

{
    "ok": true
}
Request method:	POST
Request URI:	http://qa-scooter.praktikum-services.ru/api/v1/courier
Proxy:			<none>
Request params:	<none>
Query params:	<none>
Form params:	<none>
Path params:	<none>
Headers:		Accept=*/*
				Content-Type=application/json
Cookies:		<none>
Multiparts:		<none>
Body:
{
    "login": "duplicate_login13",
    "password": "1234",
    "firstName": ""
}
HTTP/1.1 409 Conflict
Content-Length: 112
Access-Control-Allow-Origin: *
Set-Cookie: _yasc=sjRkjuWIvsLNeJEhONZZJK1rJmUvzyWgQAuLu8f6PXiQAQAJHzoUa6Yj7l65/Qq8; domain=.praktikum-services.ru; path=/; expires=Wed, 18 Apr 2035 18:46:18 GMT; secure
X-Powered-By: Express
Content-Type: application/json; charset=utf-8
ETag: W/"70-sLG1ZktNk+Ab3iaKUMwxkdL4FJo"
Date: Sun, 20 Apr 2025 18:46:18 GMT
X-Request-Id: 1745174778446848-11558647241717774770

{
    "code": 409,
    "message": "Этот логин уже используется. Попробуйте другой."
}
Request method:	POST
Request URI:	http://qa-scooter.praktikum-services.ru/api/v1/courier/login
Proxy:			<none>
Request params:	<none>
Query params:	<none>
Form params:	<none>
Path params:	<none>
Headers:		Accept=*/*
				Content-Type=application/json
Cookies:		<none>
Multiparts:		<none>
Body:
{
    "login": "duplicate_login13",
    "password": "1234"
}
HTTP/1.1 200 OK
Set-Cookie: _yasc=BpgGGb+EVE5JxbTSBSfxTWKLuRzHWOH9FZuogy57rZQgna9nhdOJkLDd+5CJGRjz; domain=.praktikum-services.ru; path=/; expires=Wed, 18 Apr 2035 18:46:18 GMT; secure
X-Powered-By: Express
Content-Type: application/json; charset=utf-8
Access-Control-Allow-Origin: *
X-Request-Id: 1745174778744094-4234265080499980581
ETag: W/"d-YmD/EGPr86JtUwftA8ltZYRrvuA"
Date: Sun, 20 Apr 2025 18:46:18 GMT
Content-Length: 13

{
    "id": 507213
}
Request method:	DELETE
Request URI:	http://qa-scooter.praktikum-services.ru/api/v1/courier/507213
Proxy:			<none>
Request params:	<none>
Query params:	<none>
Form params:	<none>
Path params:	<none>
Headers:		Accept=*/*
				Content-Type=application/json
Cookies:		<none>
Multiparts:		<none>
Body:
{
    "id": 507213
}
HTTP/1.1 200 OK
Content-Length: 11
Access-Control-Allow-Origin: *
ETag: W/"b-Ai2R8hgEarLmHKwesT1qcY913ys"
X-Powered-By: Express
Date: Sun, 20 Apr 2025 18:46:18 GMT
X-Request-Id: 1745174778853017-6920820128933738594
Content-Type: application/json; charset=utf-8
Set-Cookie: _yasc=Ywv3DJIQ6tP0KkZWvOsbAPvPLrrB+Vnfnjc5utCN86Q8Ebc8LgtsRLTJhVdEzgwe; domain=.praktikum-services.ru; path=/; expires=Wed, 18 Apr 2035 18:46:18 GMT; secure

{
    "ok": true
}
]]></system-out>
  </testcase>
  <testcase name="createDuplicateCourierTest" classname="CreateCourierTest" time="0.496">
    <system-out><![CDATA[Request method:	POST
Request URI:	http://qa-scooter.praktikum-services.ru/api/v1/courier
Proxy:			<none>
Request params:	<none>
Query params:	<none>
Form params:	<none>
Path params:	<none>
Headers:		Accept=*/*
				Content-Type=application/json
Cookies:		<none>
Multiparts:		<none>
Body:
{
    "login": "test_login_1745174778892",
    "password": "1234",
    "firstName": "Stepan"
}
HTTP/1.1 201 Created
Date: Sun, 20 Apr 2025 18:46:18 GMT
X-Request-Id: 1745174778923692-14540035417366727328
ETag: W/"b-Ai2R8hgEarLmHKwesT1qcY913ys"
Set-Cookie: _yasc=4996Wwv1y/G/l3H8HjnKqCNDOLXq1M3E7/SXv1bYSItS9aYRtzvKYcaX95bA7zL1; domain=.praktikum-services.ru; path=/; expires=Wed, 18 Apr 2035 18:46:18 GMT; secure
Content-Length: 11
X-Powered-By: Express
Content-Type: application/json; charset=utf-8
Access-Control-Allow-Origin: *

{
    "ok": true
}
Request method:	POST
Request URI:	http://qa-scooter.praktikum-services.ru/api/v1/courier
Proxy:			<none>
Request params:	<none>
Query params:	<none>
Form params:	<none>
Path params:	<none>
Headers:		Accept=*/*
				Content-Type=application/json
Cookies:		<none>
Multiparts:		<none>
Body:
{
    "login": "test_login_1745174778892",
    "password": "1234",
    "firstName": "Stepan"
}
HTTP/1.1 409 Conflict
Content-Length: 112
X-Powered-By: Express
Access-Control-Allow-Origin: *
ETag: W/"70-sLG1ZktNk+Ab3iaKUMwxkdL4FJo"
X-Request-Id: 1745174779024865-16909726386035711538
Set-Cookie: _yasc=pRwSFxddMBmHte210A0G1oW7o8bfqXZzu8enM1aZaWHfitco64bb4A08ECsKVpPn; domain=.praktikum-services.ru; path=/; expires=Wed, 18 Apr 2035 18:46:19 GMT; secure
Date: Sun, 20 Apr 2025 18:46:19 GMT
Content-Type: application/json; charset=utf-8

{
    "code": 409,
    "message": "Этот логин уже используется. Попробуйте другой."
}
Request method:	POST
Request URI:	http://qa-scooter.praktikum-services.ru/api/v1/courier/login
Proxy:			<none>
Request params:	<none>
Query params:	<none>
Form params:	<none>
Path params:	<none>
Headers:		Accept=*/*
				Content-Type=application/json
Cookies:		<none>
Multiparts:		<none>
Body:
{
    "login": "test_login_1745174778892",
    "password": "1234"
}
HTTP/1.1 200 OK
Content-Length: 13
X-Request-Id: 1745174779093398-13113451362247339404
Access-Control-Allow-Origin: *
X-Powered-By: Express
Content-Type: application/json; charset=utf-8
Date: Sun, 20 Apr 2025 18:46:19 GMT
ETag: W/"d-hPD3Ltpoi03ku8EJzXHZvLS+Vgk"
Set-Cookie: _yasc=ByJXU2vG+GONffM8iszLl6Q2diqEZUUBOjDdJt4xEYIviwMBVrZPUywV/ziOoy5IbQ==; domain=.praktikum-services.ru; path=/; expires=Wed, 18 Apr 2035 18:46:19 GMT; secure

{
    "id": 507214
}
Request method:	DELETE
Request URI:	http://qa-scooter.praktikum-services.ru/api/v1/courier/507214
Proxy:			<none>
Request params:	<none>
Query params:	<none>
Form params:	<none>
Path params:	<none>
Headers:		Accept=*/*
				Content-Type=application/json
Cookies:		<none>
Multiparts:		<none>
Body:
{
    "id": 507214
}
HTTP/1.1 200 OK
Content-Type: application/json; charset=utf-8
Content-Length: 11
ETag: W/"b-Ai2R8hgEarLmHKwesT1qcY913ys"
Access-Control-Allow-Origin: *
Set-Cookie: _yasc=OTtAqQB+QYFf3URr8zBwI8J9fcViA6F+ZVMtI6nB3Cm8eseYH4LQ7L5UpzkUewB4fg==; domain=.praktikum-services.ru; path=/; expires=Wed, 18 Apr 2035 18:46:19 GMT; secure
X-Request-Id: 1745174779345884-14984667821243276519
X-Powered-By: Express
Date: Sun, 20 Apr 2025 18:46:19 GMT

{
    "ok": true
}
]]></system-out>
  </testcase>
  <testcase name="createCourierSuccessTest" classname="CreateCourierTest" time="0.251">
    <system-out><![CDATA[Request method:	POST
Request URI:	http://qa-scooter.praktikum-services.ru/api/v1/courier
Proxy:			<none>
Request params:	<none>
Query params:	<none>
Form params:	<none>
Path params:	<none>
Headers:		Accept=*/*
				Content-Type=application/json
Cookies:		<none>
Multiparts:		<none>
Body:
{
    "login": "test_login_1745174778892",
    "password": "1234",
    "firstName": "Stepan"
}
HTTP/1.1 201 Created
Date: Sun, 20 Apr 2025 18:46:19 GMT
Set-Cookie: _yasc=u1OgJcjuuaxW27kYhwxDZl++t5D621U/xjRLKCcTlKL7hAfobjYoEmk/o8ZhRmcn; domain=.praktikum-services.ru; path=/; expires=Wed, 18 Apr 2035 18:46:19 GMT; secure
X-Powered-By: Express
Content-Type: application/json; charset=utf-8
Access-Control-Allow-Origin: *
ETag: W/"b-Ai2R8hgEarLmHKwesT1qcY913ys"
X-Request-Id: 1745174779419743-18339722663334084408
Content-Length: 11

{
    "ok": true
}
Request method:	POST
Request URI:	http://qa-scooter.praktikum-services.ru/api/v1/courier/login
Proxy:			<none>
Request params:	<none>
Query params:	<none>
Form params:	<none>
Path params:	<none>
Headers:		Accept=*/*
				Content-Type=application/json
Cookies:		<none>
Multiparts:		<none>
Body:
{
    "login": "test_login_1745174778892",
    "password": "1234"
}
HTTP/1.1 200 OK
Content-Length: 13
ETag: W/"d-EAeqbu4dhWatNOOKWU7fp+cOO5w"
Set-Cookie: _yasc=mUOF7uldiQpFN+QYNH7pDVushTFk5nVcI5pdh9NhhVBDpZcaMH8OJuhL3z8e/jwY; domain=.praktikum-services.ru; path=/; expires=Wed, 18 Apr 2035 18:46:19 GMT; secure
X-Powered-By: Express
Access-Control-Allow-Origin: *
Date: Sun, 20 Apr 2025 18:46:19 GMT
X-Request-Id: 1745174779515760-12181524221275001648
Content-Type: application/json; charset=utf-8

{
    "id": 507215
}
Request method:	DELETE
Request URI:	http://qa-scooter.praktikum-services.ru/api/v1/courier/507215
Proxy:			<none>
Request params:	<none>
Query params:	<none>
Form params:	<none>
Path params:	<none>
Headers:		Accept=*/*
				Content-Type=application/json
Cookies:		<none>
Multiparts:		<none>
Body:
{
    "id": 507215
}
HTTP/1.1 200 OK
Content-Length: 11
Access-Control-Allow-Origin: *
Set-Cookie: _yasc=0BmF+dQbCHNRcRfu+pOc2YiiSGFpv+8M8w51H/7R1okY9pUSU3cQOZpTOLJrfJ1n; domain=.praktikum-services.ru; path=/; expires=Wed, 18 Apr 2035 18:46:19 GMT; secure
ETag: W/"b-Ai2R8hgEarLmHKwesT1qcY913ys"
X-Powered-By: Express
Date: Sun, 20 Apr 2025 18:46:19 GMT
X-Request-Id: 1745174779592860-3486249166237940774
Content-Type: application/json; charset=utf-8

{
    "ok": true
}
]]></system-out>
  </testcase>
  <testcase name="createCourierEmptyLoginTest" classname="CreateCourierTest" time="0.145">
    <system-out><![CDATA[Request method:	POST
Request URI:	http://qa-scooter.praktikum-services.ru/api/v1/courier
Proxy:			<none>
Request params:	<none>
Query params:	<none>
Form params:	<none>
Path params:	<none>
Headers:		Accept=*/*
				Content-Type=application/json
Cookies:		<none>
Multiparts:		<none>
Body:
{
    "login": "",
    "password": "1234",
    "firstName": "Stepan"
}
HTTP/1.1 400 Bad Request
X-Powered-By: Express
Date: Sun, 20 Apr 2025 18:46:19 GMT
Set-Cookie: _yasc=+DyOGEN5vEyew8UGJEBN184gYG0PsjfjsEoc57XTXE573RYOTUP76ZYtGV9ZeUSQig==; domain=.praktikum-services.ru; path=/; expires=Wed, 18 Apr 2035 18:46:19 GMT; secure
X-Request-Id: 1745174779673873-5123329097370600800
Content-Length: 114
Content-Type: application/json; charset=utf-8
Access-Control-Allow-Origin: *
ETag: W/"72-AUDx41VLe1HSztSRMybiiyHwcKY"

{
    "code": 400,
    "message": "Недостаточно данных для создания учетной записи"
}
Request method:	POST
Request URI:	http://qa-scooter.praktikum-services.ru/api/v1/courier/login
Proxy:			<none>
Request params:	<none>
Query params:	<none>
Form params:	<none>
Path params:	<none>
Headers:		Accept=*/*
				Content-Type=application/json
Cookies:		<none>
Multiparts:		<none>
Body:
{
    "login": "",
    "password": "1234"
}
HTTP/1.1 400 Bad Request
Content-Type: application/json; charset=utf-8
Date: Sun, 20 Apr 2025 18:46:19 GMT
X-Powered-By: Express
ETag: W/"50-LwGSJxcCDIE8JNxAo8HI82cPc8A"
Set-Cookie: _yasc=BVUHfQnwQjiTAQ2LtYfOUWqTE++fuBKab4uzF1Ud1P54VeJNOvyMxzZrut/u8+IRZg==; domain=.praktikum-services.ru; path=/; expires=Wed, 18 Apr 2035 18:46:19 GMT; secure
Content-Length: 80
X-Request-Id: 1745174779756513-6913808356563404517
Access-Control-Allow-Origin: *

{
    "code": 400,
    "message": "Недостаточно данных для входа"
}
]]></system-out>
  </testcase>
</testsuite>