<?xml version="1.0" encoding="UTF-8"?>
<testsuite xmlns:xsi="http://www.w3.org/2001/XMLSchema-instance" xsi:noNamespaceSchemaLocation="https://maven.apache.org/surefire/maven-surefire-plugin/xsd/surefire-test-report-3.0.xsd" version="3.0" name="CreateOrderParamTest" time="0.363" tests="3" errors="0" skipped="0" failures="0">
  <properties>
[...]
</properties>
  <testcase name="createOrderWithDifferentColours[0]" classname="CreateOrderParamTest" time="0.11">
    <system-out><![CDATA[Request method:	POST
Request URI:	http://qa-scooter.praktikum-services.ru/api/v1/orders
Proxy:			<none>
Request params:	<none>
Query params:	<none>
Form params:	<none>
Path params:	<none>
Headers:		Accept=*/*
				Content-Type=application/json
Cookies:		<none>
Multiparts:		<none>
Body:
{
    "firstName": "Иван",
    "lastName": "Иванов",
    "address": "Строителей, 13",
    "metroStation": "4",
    "phone": "8 800 555 35 35",
    "rentTime": 4,
    "deliveryDate": "2025-04-30",
    "comment": "Koд от ворот - 1342",
    "color": [
        "BLACK"
    ]
}
HTTP/1.1 201 Created
X-Powered-By: Express
Date: Sun, 20 Apr 2025 18:46:19 GMT
ETag: W/"10-Pvuphi53H6YhBI/Ge3TP/85Qqvk"
Content-Length: 16
Set-Cookie: _yasc=NmqGhRkF9XDaxT7xbOl3IS2TTckQDCzBMtp6dgvZ3T1gRCZ02ywwQkldaiDrgBwOmQ==; domain=.praktikum-services.ru; path=/; expires=Wed, 18 Apr 2035 18:46:19 GMT; secure
X-Request-Id: 1745174779870738-5480222955659555873
Content-Type: application/json; charset=utf-8
Access-Control-Allow-Origin: *

{
    "track": 891837
}
]]></system-out>
  </testcase>
  <testcase name="createOrderWithDifferentColours[1]" classname="CreateOrderParamTest" time="0.087">
    <system-out><![CDATA[Request method:	POST
Request URI:	http://qa-scooter.praktikum-services.ru/api/v1/orders
Proxy:			<none>
Request params:	<none>
Query params:	<none>
Form params:	<none>
Path params:	<none>
Headers:		Accept=*/*
				Content-Type=application/json
Cookies:		<none>
Multiparts:		<none>
Body:
{
    "firstName": "Иван",
    "lastName": "Иванов",
    "address": "Строителей, 13",
    "metroStation": "4",
    "phone": "8 800 555 35 35",
    "rentTime": 4,
    "deliveryDate": "2025-04-30",
    "comment": "Koд от ворот - 1342",
    "color": [
        "BLACK",
        "GREY"
    ]
}
HTTP/1.1 201 Created
Set-Cookie: _yasc=zaOZAIOr1MY17sQ5IB8CqwCFz9hHQHZ0pDJ40YFqSuSGZaPFrzYf+0JmXcdppTA8; domain=.praktikum-services.ru; path=/; expires=Wed, 18 Apr 2035 18:46:19 GMT; secure
Content-Type: application/json; charset=utf-8
Access-Control-Allow-Origin: *
ETag: W/"10-GHcGVR8dniKQPxg1oYODU8Lnbxc"
Content-Length: 16
X-Powered-By: Express
Date: Sun, 20 Apr 2025 18:46:19 GMT
X-Request-Id: 1745174779964997-6512364166620650283

{
    "track": 657188
}
]]></system-out>
  </testcase>
  <testcase name="createOrderWithDifferentColours[2]" classname="CreateOrderParamTest" time="0.161">
    <system-out><![CDATA[Request method:	POST
Request URI:	http://qa-scooter.praktikum-services.ru/api/v1/orders
Proxy:			<none>
Request params:	<none>
Query params:	<none>
Form params:	<none>
Path params:	<none>
Headers:		Accept=*/*
				Content-Type=application/json
Cookies:		<none>
Multiparts:		<none>
Body:
{
    "firstName": "Иван",
    "lastName": "Иванов",
    "address": "Строителей, 13",
    "metroStation": "4",
    "phone": "8 800 555 35 35",
    "rentTime": 4,
    "deliveryDate": "2025-04-30",
    "comment": "Koд от ворот - 1342",
    "color": [
        
    ]
}
HTTP/1.1 201 Created
Content-Length: 15
X-Request-Id: 1745174780047549-14359875397584559646
Date: Sun, 20 Apr 2025 18:46:20 GMT
Access-Control-Allow-Origin: *
Content-Type: application/json; charset=utf-8
X-Powered-By: Express
Set-Cookie: _yasc=p9XIWeUGdjE0uJPu+j0cP8DS//ahCP2DEH2wxDyipSAEzu9ByWoqtnca3dKhJd3q/Q==; domain=.praktikum-services.ru; path=/; expires=Wed, 18 Apr 2035 18:46:20 GMT; secure
ETag: W/"f-Guj6MX//h4Gjg4AJjlxhp5OQXFY"

{
    "track": 96558
}
]]></system-out>
  </testcase>
</testsuite>