<?xml version="1.0" encoding="UTF-8"?>
<testsuite xmlns:xsi="http://www.w3.org/2001/XMLSchema-instance" xsi:noNamespaceSchemaLocation="https://maven.apache.org/surefire/maven-surefire-plugin/xsd/surefire-test-report.xsd" name="LoginCourierTest" time="2.579" tests="6" errors="0" skipped="0" failures="0">
  <properties>
[...]
</properties>
  <testcase name="LoginCourierEmptyPasswordTest" classname="LoginCourierTest" time="0.336"/>
  <testcase name="LoginCourierSuccessTest" classname="LoginCourierTest" time="0.331"/>
  <testcase name="LoginCourierNotExistPasswordTest" classname="LoginCourierTest" time="0.353"/>
  <testcase name="LoginCourierNotExistLoginAndPasswordTest" classname="LoginCourierTest" time="0.691"/>
  <testcase name="LoginCourierEmptyLoginTest" classname="LoginCourierTest" time="0.316"/>
  <testcase name="LoginCourierNotExistLoginTest" classname="LoginCourierTest" time="0.539"/>
</testsuite>