<?xml version="1.0" encoding="UTF-8"?>
<testsuite xmlns:xsi="http://www.w3.org/2001/XMLSchema-instance" xsi:noNamespaceSchemaLocation="https://maven.apache.org/surefire/maven-surefire-plugin/xsd/surefire-test-report-3.0.xsd" version="3.0" name="LoginCourierTest" time="1.676" tests="6" errors="0" skipped="0" failures="0">
  <properties>
[...]
</properties>
  <testcase name="LoginCourierEmptyPasswordTest" classname="LoginCourierTest" time="0.256">
    <system-out><![CDATA[Request method:	POST
Request URI:	http://qa-scooter.praktikum-services.ru/api/v1/courier
Proxy:			<none>
Request params:	<none>
Query params:	<none>
Form params:	<none>
Path params:	<none>
Headers:		Accept=*/*
				Content-Type=application/json
Cookies:		<none>
Multiparts:		<none>
Body:
{
    "login": "test_login_1745174778892",
    "password": "1234",
    "firstName": "Stepan"
}
HTTP/1.1 201 Created
Content-Length: 11
ETag: W/"b-Ai2R8hgEarLmHKwesT1qcY913ys"
Access-Control-Allow-Origin: *
Set-Cookie: _yasc=AgikFDIKZcNl3DlI4OT7kGfKZ+30n0Ul3T8QCXocnqbsSlgqYDDNaOUUAKyJqgIg; domain=.praktikum-services.ru; path=/; expires=Wed, 18 Apr 2035 18:46:21 GMT; secure
Content-Type: application/json; charset=utf-8
Date: Sun, 20 Apr 2025 18:46:21 GMT
X-Powered-By: Express
X-Request-Id: 1745174781394286-7576765020260225018

{
    "ok": true
}
Request method:	POST
Request URI:	http://qa-scooter.praktikum-services.ru/api/v1/courier/login
Proxy:			<none>
Request params:	<none>
Query params:	<none>
Form params:	<none>
Path params:	<none>
Headers:		Accept=*/*
				Content-Type=application/json
Cookies:		<none>
Multiparts:		<none>
Body:
{
    "login": "test_login_1745174778892",
    "password": ""
}
HTTP/1.1 400 Bad Request
Content-Type: application/json; charset=utf-8
X-Request-Id: 1745174781465169-12158778612967080539
Date: Sun, 20 Apr 2025 18:46:21 GMT
Set-Cookie: _yasc=NnQncjIJx4yz+xLx73n295jEjiZNy0ol/7y57Voh0cCM+Pj7MQwK/IYMLOS5afOw; domain=.praktikum-services.ru; path=/; expires=Wed, 18 Apr 2035 18:46:21 GMT; secure
ETag: W/"50-LwGSJxcCDIE8JNxAo8HI82cPc8A"
X-Powered-By: Express
Access-Control-Allow-Origin: *
Content-Length: 80

{
    "code": 400,
    "message": "Недостаточно данных для входа"
}
Request method:	POST
Request URI:	http://qa-scooter.praktikum-services.ru/api/v1/courier/login
Proxy:			<none>
Request params:	<none>
Query params:	<none>
Form params:	<none>
Path params:	<none>
Headers:		Accept=*/*
				Content-Type=application/json
Cookies:		<none>
Multiparts:		<none>
Body:
{
    "login": "test_login_1745174778892",
    "password": "1234"
}
HTTP/1.1 200 OK
Date: Sun, 20 Apr 2025 18:46:21 GMT
Content-Type: application/json; charset=utf-8
X-Request-Id: 1745174781531531-16274578872264781580
X-Powered-By: Express
Access-Control-Allow-Origin: *
Set-Cookie: _yasc=cYJyWgmYjH7FJFVE2vLoCcRH9c5IqxX6KOc9sn8np4OvZBlsJGLJ2TT9p8R7E/WwgQ==; domain=.praktikum-services.ru; path=/; expires=Wed, 18 Apr 2035 18:46:21 GMT; secure
Content-Length: 13
ETag: W/"d-eRdR/eW3aVFtgS/aAZqyWb6WdaE"

{
    "id": 507216
}
Request method:	DELETE
Request URI:	http://qa-scooter.praktikum-services.ru/api/v1/courier/507216
Proxy:			<none>
Request params:	<none>
Query params:	<none>
Form params:	<none>
Path params:	<none>
Headers:		Accept=*/*
				Content-Type=application/json
Cookies:		<none>
Multiparts:		<none>
Body:
{
    "id": 507216
}
HTTP/1.1 200 OK
Content-Type: application/json; charset=utf-8
Access-Control-Allow-Origin: *
Set-Cookie: _yasc=ES4KbjI7XrdV8jbA4LH1+HGhxRPOrcWCkyt7AdXSCZ5Si4gA2kEuxaBimj2t0wQ/; domain=.praktikum-services.ru; path=/; expires=Wed, 18 Apr 2035 18:46:21 GMT; secure
ETag: W/"b-Ai2R8hgEarLmHKwesT1qcY913ys"
X-Request-Id: 1745174781597553-1923456001685013740
Content-Length: 11
X-Powered-By: Express
Date: Sun, 20 Apr 2025 18:46:21 GMT

{
    "ok": true
}
]]></system-out>
  </testcase>
  <testcase name="LoginCourierSuccessTest" classname="LoginCourierTest" time="0.287">
    <system-out><![CDATA[Request method:	POST
Request URI:	http://qa-scooter.praktikum-services.ru/api/v1/courier
Proxy:			<none>
Request params:	<none>
Query params:	<none>
Form params:	<none>
Path params:	<none>
Headers:		Accept=*/*
				Content-Type=application/json
Cookies:		<none>
Multiparts:		<none>
Body:
{
    "login": "test_login_1745174778892",
    "password": "1234",
    "firstName": "Stepan"
}
HTTP/1.1 201 Created
ETag: W/"b-Ai2R8hgEarLmHKwesT1qcY913ys"
X-Powered-By: Express
Content-Length: 11
X-Request-Id: 1745174781676223-9343651759346561681
Date: Sun, 20 Apr 2025 18:46:21 GMT
Access-Control-Allow-Origin: *
Set-Cookie: _yasc=E8mp/6/DF9TYLIzv37XhqAcZUuWARr5DvqVZjIxCIuIJIlUJaPRmgPDwesLfUA/t; domain=.praktikum-services.ru; path=/; expires=Wed, 18 Apr 2035 18:46:21 GMT; secure
Content-Type: application/json; charset=utf-8

{
    "ok": true
}
Request method:	POST
Request URI:	http://qa-scooter.praktikum-services.ru/api/v1/courier/login
Proxy:			<none>
Request params:	<none>
Query params:	<none>
Form params:	<none>
Path params:	<none>
Headers:		Accept=*/*
				Content-Type=application/json
Cookies:		<none>
Multiparts:		<none>
Body:
{
    "login": "test_login_1745174778892",
    "password": "1234"
}
HTTP/1.1 200 OK
X-Powered-By: Express
Date: Sun, 20 Apr 2025 18:46:21 GMT
ETag: W/"d-BNq5f+cfRLQGTVMHd+ugCyrjNyU"
Content-Type: application/json; charset=utf-8
X-Request-Id: 1745174781744009-5431330668430590351
Set-Cookie: _yasc=KQeSRUSG+CEYdYIBQFGy7qSRZOQVqIq8Wep54WuihOVVMidme7F7icJVLnm2qbCh; domain=.praktikum-services.ru; path=/; expires=Wed, 18 Apr 2035 18:46:21 GMT; secure
Content-Length: 13
Access-Control-Allow-Origin: *

{
    "id": 507217
}
Request method:	POST
Request URI:	http://qa-scooter.praktikum-services.ru/api/v1/courier/login
Proxy:			<none>
Request params:	<none>
Query params:	<none>
Form params:	<none>
Path params:	<none>
Headers:		Accept=*/*
				Content-Type=application/json
Cookies:		<none>
Multiparts:		<none>
Body:
{
    "login": "test_login_1745174778892",
    "password": "1234"
}
HTTP/1.1 200 OK
X-Powered-By: Express
Content-Type: application/json; charset=utf-8
Content-Length: 13
Date: Sun, 20 Apr 2025 18:46:21 GMT
Set-Cookie: _yasc=A2+yDO/ZAlANI0yVxx+POcunfAzJ7IxdaS46IuQJYFF8nhV3qw9bO1OpQflFHt3d; domain=.praktikum-services.ru; path=/; expires=Wed, 18 Apr 2035 18:46:21 GMT; secure
Access-Control-Allow-Origin: *
X-Request-Id: 1745174781830890-11179698965573561996
ETag: W/"d-BNq5f+cfRLQGTVMHd+ugCyrjNyU"

{
    "id": 507217
}
Request method:	DELETE
Request URI:	http://qa-scooter.praktikum-services.ru/api/v1/courier/507217
Proxy:			<none>
Request params:	<none>
Query params:	<none>
Form params:	<none>
Path params:	<none>
Headers:		Accept=*/*
				Content-Type=application/json
Cookies:		<none>
Multiparts:		<none>
Body:
{
    "id": 507217
}
HTTP/1.1 200 OK
Date: Sun, 20 Apr 2025 18:46:21 GMT
Content-Type: application/json; charset=utf-8
Set-Cookie: _yasc=tWPG/ovmy15gZfiULeMvw5QjIlKOZ+HDmObyiFtyxLYlHmrHH/9pH1NquVcy9imn; domain=.praktikum-services.ru; path=/; expires=Wed, 18 Apr 2035 18:46:21 GMT; secure
Access-Control-Allow-Origin: *
ETag: W/"b-Ai2R8hgEarLmHKwesT1qcY913ys"
X-Powered-By: Express
X-Request-Id: 1745174781897885-2754381353491295686
Content-Length: 11

{
    "ok": true
}
]]></system-out>
  </testcase>
  <testcase name="LoginCourierNotExistPasswordTest" classname="LoginCourierTest" time="0.301">
    <system-out><![CDATA[Request method:	POST
Request URI:	http://qa-scooter.praktikum-services.ru/api/v1/courier
Proxy:			<none>
Request params:	<none>
Query params:	<none>
Form params:	<none>
Path params:	<none>
Headers:		Accept=*/*
				Content-Type=application/json
Cookies:		<none>
Multiparts:		<none>
Body:
{
    "login": "test_login_1745174778892",
    "password": "1234",
    "firstName": "Stepan"
}
HTTP/1.1 201 Created
X-Request-Id: 1745174781963503-7961165070089905913
Content-Type: application/json; charset=utf-8
X-Powered-By: Express
Access-Control-Allow-Origin: *
Date: Sun, 20 Apr 2025 18:46:21 GMT
Set-Cookie: _yasc=vSp1MsDfBvDLUQELF61qalzFjacHIiI+oXKNu2UGV27uL8nPo6aM94YDBdTrdGiokA==; domain=.praktikum-services.ru; path=/; expires=Wed, 18 Apr 2035 18:46:21 GMT; secure
ETag: W/"b-Ai2R8hgEarLmHKwesT1qcY913ys"
Content-Length: 11

{
    "ok": true
}
Request method:	POST
Request URI:	http://qa-scooter.praktikum-services.ru/api/v1/courier/login
Proxy:			<none>
Request params:	<none>
Query params:	<none>
Form params:	<none>
Path params:	<none>
Headers:		Accept=*/*
				Content-Type=application/json
Cookies:		<none>
Multiparts:		<none>
Body:
{
    "login": "test_login_1745174778892",
    "password": "password_1745174778895"
}
HTTP/1.1 404 Not Found
X-Powered-By: Express
ETag: W/"48-SNOWaDub1LGYtleYI6ITphu8xIQ"
Access-Control-Allow-Origin: *
X-Request-Id: 1745174782049553-13587456127785862784
Content-Length: 72
Content-Type: application/json; charset=utf-8
Set-Cookie: _yasc=Qt4XWJ87TnjY2gh9s8PXJi+2UgSqBLw4KR/3CvTKriryzG0AhTVR4eCjfFv/g9dv; domain=.praktikum-services.ru; path=/; expires=Wed, 18 Apr 2035 18:46:22 GMT; secure
Date: Sun, 20 Apr 2025 18:46:22 GMT

{
    "code": 404,
    "message": "Учетная запись не найдена"
}
Request method:	POST
Request URI:	http://qa-scooter.praktikum-services.ru/api/v1/courier/login
Proxy:			<none>
Request params:	<none>
Query params:	<none>
Form params:	<none>
Path params:	<none>
Headers:		Accept=*/*
				Content-Type=application/json
Cookies:		<none>
Multiparts:		<none>
Body:
{
    "login": "test_login_1745174778892",
    "password": "1234"
}
HTTP/1.1 200 OK
Set-Cookie: _yasc=1fK+OHXHV2KOCyztlK+Kfm/nRjgAbXzR+gl3oSNjHQI4pfzEGLdTvX9izXXNFqo2; domain=.praktikum-services.ru; path=/; expires=Wed, 18 Apr 2035 18:46:22 GMT; secure
X-Request-Id: 1745174782113745-14920777837351943264
Content-Length: 13
ETag: W/"d-nABZb9ZiDuShkP6IcToBK74ahPg"
Content-Type: application/json; charset=utf-8
X-Powered-By: Express
Access-Control-Allow-Origin: *
Date: Sun, 20 Apr 2025 18:46:22 GMT

{
    "id": 507218
}
Request method:	DELETE
Request URI:	http://qa-scooter.praktikum-services.ru/api/v1/courier/507218
Proxy:			<none>
Request params:	<none>
Query params:	<none>
Form params:	<none>
Path params:	<none>
Headers:		Accept=*/*
				Content-Type=application/json
Cookies:		<none>
Multiparts:		<none>
Body:
{
    "id": 507218
}
HTTP/1.1 200 OK
X-Powered-By: Express
Content-Length: 11
Access-Control-Allow-Origin: *
X-Request-Id: 1745174782198862-9307590011518749795
Set-Cookie: _yasc=iQ0uzTjFFfDZ/ibyu5m9jkbc4qVUjUL4r3xlEU6Rk49rh3IypQ5AcPxUGs40uzkK; domain=.praktikum-services.ru; path=/; expires=Wed, 18 Apr 2035 18:46:22 GMT; secure
ETag: W/"b-Ai2R8hgEarLmHKwesT1qcY913ys"
Content-Type: application/json; charset=utf-8
Date: Sun, 20 Apr 2025 18:46:22 GMT

{
    "ok": true
}
]]></system-out>
  </testcase>
  <testcase name="LoginCourierNotExistLoginAndPasswordTest" classname="LoginCourierTest" time="0.277">
    <system-out><![CDATA[Request method:	POST
Request URI:	http://qa-scooter.praktikum-services.ru/api/v1/courier
Proxy:			<none>
Request params:	<none>
Query params:	<none>
Form params:	<none>
Path params:	<none>
Headers:		Accept=*/*
				Content-Type=application/json
Cookies:		<none>
Multiparts:		<none>
Body:
{
    "login": "test_login_1745174778892",
    "password": "1234",
    "firstName": "Stepan"
}
HTTP/1.1 201 Created
Content-Length: 11
Date: Sun, 20 Apr 2025 18:46:22 GMT
X-Powered-By: Express
Set-Cookie: _yasc=ifUaWyf7ukZtJ17SBQ8nkJHEextqBh+nrhySY4mfgG0hFl12woWxJfqO4ufqHP7JWg==; domain=.praktikum-services.ru; path=/; expires=Wed, 18 Apr 2035 18:46:22 GMT; secure
Access-Control-Allow-Origin: *
Content-Type: application/json; charset=utf-8
ETag: W/"b-Ai2R8hgEarLmHKwesT1qcY913ys"
X-Request-Id: 1745174782272293-5815628958874351747

{
    "ok": true
}
Request method:	POST
Request URI:	http://qa-scooter.praktikum-services.ru/api/v1/courier/login
Proxy:			<none>
Request params:	<none>
Query params:	<none>
Form params:	<none>
Path params:	<none>
Headers:		Accept=*/*
				Content-Type=application/json
Cookies:		<none>
Multiparts:		<none>
Body:
{
    "login": "not_exist_login_1745174778895",
    "password": "password_1745174778895"
}
HTTP/1.1 404 Not Found
Date: Sun, 20 Apr 2025 18:46:22 GMT
ETag: W/"48-SNOWaDub1LGYtleYI6ITphu8xIQ"
X-Request-Id: 1745174782344949-9307516780106479069
Access-Control-Allow-Origin: *
X-Powered-By: Express
Content-Type: application/json; charset=utf-8
Set-Cookie: _yasc=xu7F1unI0A0rCCLWg9zsJZLBCuH3BYE2Um0TGYy7nCwyo+sUG0x64IRQFaHzDL35JQ==; domain=.praktikum-services.ru; path=/; expires=Wed, 18 Apr 2035 18:46:22 GMT; secure
Content-Length: 72

{
    "code": 404,
    "message": "Учетная запись не найдена"
}
Request method:	POST
Request URI:	http://qa-scooter.praktikum-services.ru/api/v1/courier/login
Proxy:			<none>
Request params:	<none>
Query params:	<none>
Form params:	<none>
Path params:	<none>
Headers:		Accept=*/*
				Content-Type=application/json
Cookies:		<none>
Multiparts:		<none>
Body:
{
    "login": "test_login_1745174778892",
    "password": "1234"
}
HTTP/1.1 200 OK
Date: Sun, 20 Apr 2025 18:46:22 GMT
ETag: W/"d-7hZAzo3VPLciZu7pBfDdoLwIlWo"
Set-Cookie: _yasc=BX4SFa2dyqyGvhLaEIBR9h55rqqa42sOr98WZ+RRUa/FeutpT9//FGIM8ixRQom6Sg==; domain=.praktikum-services.ru; path=/; expires=Wed, 18 Apr 2035 18:46:22 GMT; secure
Access-Control-Allow-Origin: *
X-Request-Id: 1745174782402392-11246364238573583516
Content-Type: application/json; charset=utf-8
X-Powered-By: Express
Content-Length: 13

{
    "id": 507219
}
Request method:	DELETE
Request URI:	http://qa-scooter.praktikum-services.ru/api/v1/courier/507219
Proxy:			<none>
Request params:	<none>
Query params:	<none>
Form params:	<none>
Path params:	<none>
Headers:		Accept=*/*
				Content-Type=application/json
Cookies:		<none>
Multiparts:		<none>
Body:
{
    "id": 507219
}
HTTP/1.1 200 OK
Set-Cookie: _yasc=SJr8Sr0afghBcOOdcGIed0f93fxZdVR+vocGFCjrC4cZqs9VvoqkvMfirQCSvgW16A==; domain=.praktikum-services.ru; path=/; expires=Wed, 18 Apr 2035 18:46:22 GMT; secure
X-Request-Id: 1745174782468832-15147848784609504720
Access-Control-Allow-Origin: *
Date: Sun, 20 Apr 2025 18:46:22 GMT
ETag: W/"b-Ai2R8hgEarLmHKwesT1qcY913ys"
Content-Type: application/json; charset=utf-8
Content-Length: 11
X-Powered-By: Express

{
    "ok": true
}
]]></system-out>
  </testcase>
  <testcase name="LoginCourierEmptyLoginTest" classname="LoginCourierTest" time="0.285">
    <system-out><![CDATA[Request method:	POST
Request URI:	http://qa-scooter.praktikum-services.ru/api/v1/courier
Proxy:			<none>
Request params:	<none>
Query params:	<none>
Form params:	<none>
Path params:	<none>
Headers:		Accept=*/*
				Content-Type=application/json
Cookies:		<none>
Multiparts:		<none>
Body:
{
    "login": "test_login_1745174778892",
    "password": "1234",
    "firstName": "Stepan"
}
HTTP/1.1 201 Created
X-Powered-By: Express
Content-Type: application/json; charset=utf-8
ETag: W/"b-Ai2R8hgEarLmHKwesT1qcY913ys"
Date: Sun, 20 Apr 2025 18:46:22 GMT
X-Request-Id: 1745174782539933-15338493273157139086
Content-Length: 11
Set-Cookie: _yasc=FCeyYKafCZUV63915JIFhkNpuwkahHAQZdPyYujlBzyDsW+spFDco4euI6vCTfF0+A==; domain=.praktikum-services.ru; path=/; expires=Wed, 18 Apr 2035 18:46:22 GMT; secure
Access-Control-Allow-Origin: *

{
    "ok": true
}
Request method:	POST
Request URI:	http://qa-scooter.praktikum-services.ru/api/v1/courier/login
Proxy:			<none>
Request params:	<none>
Query params:	<none>
Form params:	<none>
Path params:	<none>
Headers:		Accept=*/*
				Content-Type=application/json
Cookies:		<none>
Multiparts:		<none>
Body:
{
    "login": "",
    "password": "1234"
}
HTTP/1.1 400 Bad Request
Access-Control-Allow-Origin: *
Content-Type: application/json; charset=utf-8
X-Request-Id: 1745174782618585-7858883784843008715
Content-Length: 80
Set-Cookie: _yasc=LzUNjY8c53fe7Y1AzqOy9cvK1jbarf7aX/QopANKla6A01mAk/4YjHBX7A56nbQNlg==; domain=.praktikum-services.ru; path=/; expires=Wed, 18 Apr 2035 18:46:22 GMT; secure
Date: Sun, 20 Apr 2025 18:46:22 GMT
ETag: W/"50-LwGSJxcCDIE8JNxAo8HI82cPc8A"
X-Powered-By: Express

{
    "code": 400,
    "message": "Недостаточно данных для входа"
}
Request method:	POST
Request URI:	http://qa-scooter.praktikum-services.ru/api/v1/courier/login
Proxy:			<none>
Request params:	<none>
Query params:	<none>
Form params:	<none>
Path params:	<none>
Headers:		Accept=*/*
				Content-Type=application/json
Cookies:		<none>
Multiparts:		<none>
Body:
{
    "login": "test_login_1745174778892",
    "password": "1234"
}
HTTP/1.1 200 OK
Set-Cookie: _yasc=ZsR3Pc1mq8d6qhKp7lvvhujdcHE4g1AJIogHEVibgf3HvcMWbiA4/alfZowOtEc=; domain=.praktikum-services.ru; path=/; expires=Wed, 18 Apr 2035 18:46:22 GMT; secure
Content-Length: 13
X-Powered-By: Express
Access-Control-Allow-Origin: *
Content-Type: application/json; charset=utf-8
Date: Sun, 20 Apr 2025 18:46:22 GMT
X-Request-Id: 1745174782689914-14647531083008910190
ETag: W/"d-PV6fFCbXdXsc1cRIHygzDl5/17M"

{
    "id": 507220
}
Request method:	DELETE
Request URI:	http://qa-scooter.praktikum-services.ru/api/v1/courier/507220
Proxy:			<none>
Request params:	<none>
Query params:	<none>
Form params:	<none>
Path params:	<none>
Headers:		Accept=*/*
				Content-Type=application/json
Cookies:		<none>
Multiparts:		<none>
Body:
{
    "id": 507220
}
HTTP/1.1 200 OK
Date: Sun, 20 Apr 2025 18:46:22 GMT
Access-Control-Allow-Origin: *
ETag: W/"b-Ai2R8hgEarLmHKwesT1qcY913ys"
X-Request-Id: 1745174782761278-11533366466332698986
Content-Length: 11
Content-Type: application/json; charset=utf-8
Set-Cookie: _yasc=6wLLzVIF7fPbcjwEXClPAsFqIQVIysMV0K9FNlToi5K4WzPVzuS7+6bu8pB9lCOSGQ==; domain=.praktikum-services.ru; path=/; expires=Wed, 18 Apr 2035 18:46:22 GMT; secure
X-Powered-By: Express

{
    "ok": true
}
]]></system-out>
  </testcase>
  <testcase name="LoginCourierNotExistLoginTest" classname="LoginCourierTest" time="0.266">
    <system-out><![CDATA[Request method:	POST
Request URI:	http://qa-scooter.praktikum-services.ru/api/v1/courier
Proxy:			<none>
Request params:	<none>
Query params:	<none>
Form params:	<none>
Path params:	<none>
Headers:		Accept=*/*
				Content-Type=application/json
Cookies:		<none>
Multiparts:		<none>
Body:
{
    "login": "test_login_1745174778892",
    "password": "1234",
    "firstName": "Stepan"
}
HTTP/1.1 201 Created
X-Powered-By: Express
Date: Sun, 20 Apr 2025 18:46:22 GMT
Content-Type: application/json; charset=utf-8
Content-Length: 11
Set-Cookie: _yasc=JnmHLx3hWEvV5BOItpmE3zoIREH9Lu3LvxViWSa49eMMne7SHKXXf9tvYy6gKq9t; domain=.praktikum-services.ru; path=/; expires=Wed, 18 Apr 2035 18:46:22 GMT; secure
Access-Control-Allow-Origin: *
ETag: W/"b-Ai2R8hgEarLmHKwesT1qcY913ys"
X-Request-Id: 1745174782831327-16347613423400324080

{
    "ok": true
}
Request method:	POST
Request URI:	http://qa-scooter.praktikum-services.ru/api/v1/courier/login
Proxy:			<none>
Request params:	<none>
Query params:	<none>
Form params:	<none>
Path params:	<none>
Headers:		Accept=*/*
				Content-Type=application/json
Cookies:		<none>
Multiparts:		<none>
Body:
{
    "login": "not_exist_login_1745174778895",
    "password": "1234"
}
HTTP/1.1 404 Not Found
ETag: W/"48-SNOWaDub1LGYtleYI6ITphu8xIQ"
X-Powered-By: Express
Set-Cookie: _yasc=hVVwAiW3w+Wc+q+Ps9OpXuqQBp4KpPlpVZQE6OOdHmLRd9yXi6e3il1yFCV3Wu/n9A==; domain=.praktikum-services.ru; path=/; expires=Wed, 18 Apr 2035 18:46:22 GMT; secure
X-Request-Id: 1745174782896221-17855181302829739847
Content-Length: 72
Access-Control-Allow-Origin: *
Content-Type: application/json; charset=utf-8
Date: Sun, 20 Apr 2025 18:46:22 GMT

{
    "code": 404,
    "message": "Учетная запись не найдена"
}
Request method:	POST
Request URI:	http://qa-scooter.praktikum-services.ru/api/v1/courier/login
Proxy:			<none>
Request params:	<none>
Query params:	<none>
Form params:	<none>
Path params:	<none>
Headers:		Accept=*/*
				Content-Type=application/json
Cookies:		<none>
Multiparts:		<none>
Body:
{
    "login": "test_login_1745174778892",
    "password": "1234"
}
HTTP/1.1 200 OK
Date: Sun, 20 Apr 2025 18:46:22 GMT
Content-Type: application/json; charset=utf-8
X-Request-Id: 1745174782962421-17733642066729923614
Content-Length: 13
ETag: W/"d-eLVN9tW4alDcaevrjnRN2V86xQ4"
Set-Cookie: _yasc=dp1cyRHXDV8et1nSFoV2IIZ/YEb+WwIxgRhqWDZ8YVZR3cpO9cu9Y6LUP7OEW8PnvQ==; domain=.praktikum-services.ru; path=/; expires=Wed, 18 Apr 2035 18:46:22 GMT; secure
Access-Control-Allow-Origin: *
X-Powered-By: Express

{
    "id": 507221
}
Request method:	DELETE
Request URI:	http://qa-scooter.praktikum-services.ru/api/v1/courier/507221
Proxy:			<none>
Request params:	<none>
Query params:	<none>
Form params:	<none>
Path params:	<none>
Headers:		Accept=*/*
				Content-Type=application/json
Cookies:		<none>
Multiparts:		<none>
Body:
{
    "id": 507221
}
HTTP/1.1 200 OK
Access-Control-Allow-Origin: *
Content-Length: 11
X-Powered-By: Express
Set-Cookie: _yasc=pWgewPtfJVs/76pfksah12/Pnz08lgHneJZHVl9dTSHUdWuRhe3m+vzh/kpiriSJ; domain=.praktikum-services.ru; path=/; expires=Wed, 18 Apr 2035 18:46:23 GMT; secure
ETag: W/"b-Ai2R8hgEarLmHKwesT1qcY913ys"
Content-Type: application/json; charset=utf-8
Date: Sun, 20 Apr 2025 18:46:23 GMT
X-Request-Id: 1745174783023118-4815485720499952670

{
    "ok": true
}
]]></system-out>
  </testcase>
</testsuite>